<?xml version="1.0" encoding="UTF-8"?>
<!-- Generated by org.testng.reporters.JUnitReportReporter -->
<testsuite hostname="DESKTOP-LKO54JA" failures="0" tests="5" name="com.assignment.tests.APITest" time="11.836" errors="0" timestamp="2023-09-17T21:23:28 IST" skipped="0">
  <testcase classname="com.assignment.tests.APITest" name="deleteBookingDetails" time="1.419"/>
  <system-out/>
  <testcase classname="com.assignment.tests.APITest" name="generateToken" time="5.757"/>
  <system-out/>
  <testcase classname="com.assignment.tests.APITest" name="getBookingDetails" time="1.698"/>
  <system-out/>
  <testcase classname="com.assignment.tests.APITest" name="updateBookingDetails" time="1.400"/>
  <system-out/>
  <testcase classname="com.assignment.tests.APITest" name="createBookingDetails" time="1.562"/>
  <system-out/>
</testsuite> <!-- com.assignment.tests.APITest -->
