<?xml version="1.0" encoding="UTF-8"?>
<!-- Generated by org.testng.reporters.JUnitReportReporter -->
<testsuite hostname="DESKTOP-LKO54JA" failures="0" tests="5" name="com.assignment.tests.APITesting" time="12.259" errors="0" timestamp="2023-09-17T21:15:41 IST" skipped="0">
  <testcase classname="com.assignment.tests.APITesting" name="deleteBookingDetails" time="1.448"/>
  <system-out/>
  <testcase classname="com.assignment.tests.APITesting" name="createBookingDetails" time="1.557"/>
  <system-out/>
  <testcase classname="com.assignment.tests.APITesting" name="generateToken" time="6.222"/>
  <system-out/>
  <testcase classname="com.assignment.tests.APITesting" name="getBookingDetails" time="1.562"/>
  <system-out/>
  <testcase classname="com.assignment.tests.APITesting" name="updateBookingDetails" time="1.470"/>
  <system-out/>
</testsuite> <!-- com.assignment.tests.APITesting -->
