<?xml version="1.0" encoding="UTF-8"?>
<!-- Generated by org.testng.reporters.JUnitReportReporter -->
<testsuite hostname="DESKTOP-LKO54JA" failures="0" tests="5" name="com.assignment.tests.APITest" time="11.818" errors="0" timestamp="2023-09-17T21:17:07 IST" skipped="0">
  <testcase classname="com.assignment.tests.APITest" name="generateToken" time="5.582"/>
  <system-out/>
  <testcase classname="com.assignment.tests.APITest" name="deleteBookingDetails" time="1.490"/>
  <system-out/>
  <testcase classname="com.assignment.tests.APITest" name="getBookingDetails" time="1.616"/>
  <system-out/>
  <testcase classname="com.assignment.tests.APITest" name="createBookingDetails" time="1.633"/>
  <system-out/>
  <testcase classname="com.assignment.tests.APITest" name="updateBookingDetails" time="1.497"/>
  <system-out/>
</testsuite> <!-- com.assignment.tests.APITest -->
