<?xml version="1.0" encoding="UTF-8"?>
<!-- Generated by org.testng.reporters.JUnitReportReporter -->
<testsuite hostname="DESKTOP-LKO54JA" failures="0" tests="1" name="com.assignment.tests.UIFrameworkTest" time="78.874" errors="0" timestamp="2023-09-17T20:16:27 IST" skipped="0">
  <testcase classname="com.assignment.tests.UIFrameworkTest" name="testAmazonFunctionality" time="78.874"/>
  <system-out/>
</testsuite> <!-- com.assignment.tests.UIFrameworkTest -->
